<?xml version="1.0" encoding="UTF-8"?>
<testsuite name="UnitTest" tests="1" skipped="0" failures="0" errors="0" timestamp="2019-09-20T12:18:59" hostname="LAPTOP-SSDK96F3" time="0.599">
  <properties/>
  <testcase name="mainTest" classname="UnitTest" time="0.599"/>
  <system-out><![CDATA[]]></system-out>
  <system-err><![CDATA[]]></system-err>
</testsuite>
