<?xml version="1.0" encoding="UTF-8"?>
<testsuite name="UnitTest" tests="1" skipped="0" failures="0" errors="0" timestamp="2019-09-19T16:35:39" hostname="ZQY" time="0.459">
  <properties/>
  <testcase name="mainTest" classname="UnitTest" time="0.459"/>
  <system-out><![CDATA[]]></system-out>
  <system-err><![CDATA[]]></system-err>
</testsuite>
